<?xml version="1.0" encoding="utf-8"?><test-results name="C:\Github\Warmup-MVC4\src\__NAME__.UnitTests\bin\Release\__NAME__.UnitTests.dll" date="2013-03-24" time="14:04:02" total="1" failures="0" not-run="0"><test-suite name="C:\Github\Warmup-MVC4\src\__NAME__.UnitTests\bin\Release\__NAME__.UnitTests.dll" success="True" time="1.190"><results><test-suite name="__NAME__.UnitTests.XUnitTests" success="True" time="1.190"><results><test-case name="__NAME__.UnitTests.XUnitTests.XUnitTest" executed="True" success="True" time="1.190" /></results></test-suite></results></test-suite></test-results>